<?xml version="1.0" encoding="utf-8"?><testsuites name="pytest tests"><testsuite name="pytest" errors="0" failures="0" skipped="0" tests="2" time="0.103" timestamp="2026-04-21T03:45:00.173741+00:00" hostname="agent-env-3f17237f-cc84-45fb-be83-65b3e13913c1"><testcase classname="backend.tests.test_company_api" name="test_health_endpoint_returns_expected_payload" time="0.003" /><testcase classname="backend.tests.test_company_api" name="test_company_info_endpoint_returns_expected_payload" time="0.002" /></testsuite></testsuites>